Determining if the pthread_create exist failed with the following output:
Change Dir: /home/bqu/cs184/proj1-rasterizer-bradleyq/CMakeFiles/CMakeTmp

Run Build Command:"/usr/bin/make" "cmTC_ea83f/fast"
/usr/bin/make -f CMakeFiles/cmTC_ea83f.dir/build.make CMakeFiles/cmTC_ea83f.dir/build
make[1]: Entering directory '/home/bqu/cs184/proj1-rasterizer-bradleyq/CMakeFiles/CMakeTmp'
Building C object CMakeFiles/cmTC_ea83f.dir/CheckSymbolExists.c.o
/usr/bin/cc     -o CMakeFiles/cmTC_ea83f.dir/CheckSymbolExists.c.o   -c /home/bqu/cs184/proj1-rasterizer-bradleyq/CMakeFiles/CMakeTmp/CheckSymbolExists.c
Linking C executable cmTC_ea83f
/usr/bin/cmake -E cmake_link_script CMakeFiles/cmTC_ea83f.dir/link.txt --verbose=1
/usr/bin/cc       CMakeFiles/cmTC_ea83f.dir/CheckSymbolExists.c.o  -o cmTC_ea83f -rdynamic 
CMakeFiles/cmTC_ea83f.dir/CheckSymbolExists.c.o: In function `main':
CheckSymbolExists.c:(.text+0x16): undefined reference to `pthread_create'
collect2: error: ld returned 1 exit status
CMakeFiles/cmTC_ea83f.dir/build.make:97: recipe for target 'cmTC_ea83f' failed
make[1]: *** [cmTC_ea83f] Error 1
make[1]: Leaving directory '/home/bqu/cs184/proj1-rasterizer-bradleyq/CMakeFiles/CMakeTmp'
Makefile:126: recipe for target 'cmTC_ea83f/fast' failed
make: *** [cmTC_ea83f/fast] Error 2

File /home/bqu/cs184/proj1-rasterizer-bradleyq/CMakeFiles/CMakeTmp/CheckSymbolExists.c:
/* */
#include <pthread.h>

int main(int argc, char** argv)
{
  (void)argv;
#ifndef pthread_create
  return ((int*)(&pthread_create))[argc];
#else
  (void)argc;
  return 0;
#endif
}

Determining if the function pthread_create exists in the pthreads failed with the following output:
Change Dir: /home/bqu/cs184/proj1-rasterizer-bradleyq/CMakeFiles/CMakeTmp

Run Build Command:"/usr/bin/make" "cmTC_291e1/fast"
/usr/bin/make -f CMakeFiles/cmTC_291e1.dir/build.make CMakeFiles/cmTC_291e1.dir/build
make[1]: Entering directory '/home/bqu/cs184/proj1-rasterizer-bradleyq/CMakeFiles/CMakeTmp'
Building C object CMakeFiles/cmTC_291e1.dir/CheckFunctionExists.c.o
/usr/bin/cc    -DCHECK_FUNCTION_EXISTS=pthread_create   -o CMakeFiles/cmTC_291e1.dir/CheckFunctionExists.c.o   -c /usr/share/cmake-3.5/Modules/CheckFunctionExists.c
Linking C executable cmTC_291e1
/usr/bin/cmake -E cmake_link_script CMakeFiles/cmTC_291e1.dir/link.txt --verbose=1
/usr/bin/cc   -DCHECK_FUNCTION_EXISTS=pthread_create    CMakeFiles/cmTC_291e1.dir/CheckFunctionExists.c.o  -o cmTC_291e1 -rdynamic -lpthreads 
/usr/bin/ld: cannot find -lpthreads
collect2: error: ld returned 1 exit status
CMakeFiles/cmTC_291e1.dir/build.make:97: recipe for target 'cmTC_291e1' failed
make[1]: *** [cmTC_291e1] Error 1
make[1]: Leaving directory '/home/bqu/cs184/proj1-rasterizer-bradleyq/CMakeFiles/CMakeTmp'
Makefile:126: recipe for target 'cmTC_291e1/fast' failed
make: *** [cmTC_291e1/fast] Error 2


Determining if the function glXGetProcAddressEXT exists failed with the following output:
Change Dir: /home/bqu/cs184/proj1-rasterizer-bradleyq/CMakeFiles/CMakeTmp

Run Build Command:"/usr/bin/make" "cmTC_5a41a/fast"
/usr/bin/make -f CMakeFiles/cmTC_5a41a.dir/build.make CMakeFiles/cmTC_5a41a.dir/build
make[1]: Entering directory '/home/bqu/cs184/proj1-rasterizer-bradleyq/CMakeFiles/CMakeTmp'
Building C object CMakeFiles/cmTC_5a41a.dir/CheckFunctionExists.c.o
/usr/bin/cc    -DCHECK_FUNCTION_EXISTS=glXGetProcAddressEXT   -o CMakeFiles/cmTC_5a41a.dir/CheckFunctionExists.c.o   -c /usr/share/cmake-3.5/Modules/CheckFunctionExists.c
Linking C executable cmTC_5a41a
/usr/bin/cmake -E cmake_link_script CMakeFiles/cmTC_5a41a.dir/link.txt --verbose=1
/usr/bin/cc   -DCHECK_FUNCTION_EXISTS=glXGetProcAddressEXT    CMakeFiles/cmTC_5a41a.dir/CheckFunctionExists.c.o  -o cmTC_5a41a -rdynamic /usr/lib/x86_64-linux-gnu/libGL.so 
CMakeFiles/cmTC_5a41a.dir/CheckFunctionExists.c.o: In function `main':
CheckFunctionExists.c:(.text+0x15): undefined reference to `glXGetProcAddressEXT'
collect2: error: ld returned 1 exit status
CMakeFiles/cmTC_5a41a.dir/build.make:98: recipe for target 'cmTC_5a41a' failed
make[1]: *** [cmTC_5a41a] Error 1
make[1]: Leaving directory '/home/bqu/cs184/proj1-rasterizer-bradleyq/CMakeFiles/CMakeTmp'
Makefile:126: recipe for target 'cmTC_5a41a/fast' failed
make: *** [cmTC_5a41a/fast] Error 2


